<?xml version="1.0" encoding="UTF-8" ?>
<testsuite errors="0" failures="0" hostname="DSA010331" name="SdkUnitTests" skipped="0" tests="1" time="3.652" timestamp="2016-01-25T17:06:36">
  <properties>
[...]
</properties>
  <testcase classname="SdkUnitTests" name="DownLoadEnvelopeDocumentsTest" time="3.609" />
  <system-out><![CDATA[EnvelopeSummary: class EnvelopeSummary {
    envelopeId: 816ae90e-3f1c-461c-a33e-5c5d8e7bc6c0
    uri: /envelopes/816ae90e-3f1c-461c-a33e-5c5d8e7bc6c0
    statusDateTime: 2016-01-25T17:06:38.0730000Z
    status: sent
}
]]></system-out>
  <system-err><![CDATA[]]></system-err>
</testsuite>
