<?xml version="1.0" encoding="UTF-8" ?>
<testsuite errors="0" failures="7" hostname="DSA003820" name="SdkUnitTests" skipped="0" tests="8" time="1.93" timestamp="2016-02-16T23:46:53">
  <properties>
[...]
</properties>
  <testcase classname="SdkUnitTests" name="RequestSignatureFromTemplate" time="1.262">
    <failure message="expected:&lt;null&gt; but was:&lt;com.docusign.esign.client.ApiException: {&#xd;&#xa;  &quot;errorCode&quot;: &quot;PARTNER_AUTHENTICATION_FAILED&quot;,&#xd;&#xa;  &quot;message&quot;: &quot;The specified Integrator Key was not found or is disabled.&quot;&#xd;&#xa;}&gt;" type="junit.framework.AssertionFailedError">junit.framework.AssertionFailedError: expected:&lt;null&gt; but was:&lt;com.docusign.esign.client.ApiException: {
  &quot;errorCode&quot;: &quot;PARTNER_AUTHENTICATION_FAILED&quot;,
  &quot;message&quot;: &quot;The specified Integrator Key was not found or is disabled.&quot;
}&gt;
	at SdkUnitTests.RequestSignatureFromTemplate(SdkUnitTests.java:294)
</failure>
  </testcase>
  <testcase classname="SdkUnitTests" name="EmbeddedSigningTest" time="0.005">
    <failure message="expected:&lt;null&gt; but was:&lt;java.nio.file.NoSuchFileException: /private/tmp/SDKs/java/src/test/src/test/docs/SignTest1.pdf&gt;" type="junit.framework.AssertionFailedError">junit.framework.AssertionFailedError: expected:&lt;null&gt; but was:&lt;java.nio.file.NoSuchFileException: /private/tmp/SDKs/java/src/test/src/test/docs/SignTest1.pdf&gt;
	at SdkUnitTests.EmbeddedSigningTest(SdkUnitTests.java:313)
</failure>
  </testcase>
  <testcase classname="SdkUnitTests" name="CreateTemplateTest" time="0.001">
    <failure message="expected:&lt;null&gt; but was:&lt;java.nio.file.NoSuchFileException: /private/tmp/SDKs/java/src/test/src/test/docs/SignTest1.pdf&gt;" type="junit.framework.AssertionFailedError">junit.framework.AssertionFailedError: expected:&lt;null&gt; but was:&lt;java.nio.file.NoSuchFileException: /private/tmp/SDKs/java/src/test/src/test/docs/SignTest1.pdf&gt;
	at SdkUnitTests.CreateTemplateTest(SdkUnitTests.java:448)
</failure>
  </testcase>
  <testcase classname="SdkUnitTests" name="LoginTest" time="0.121" />
  <testcase classname="SdkUnitTests" name="DownLoadEnvelopeDocumentsTest" time="0.0">
    <failure message="expected:&lt;null&gt; but was:&lt;java.nio.file.NoSuchFileException: /private/tmp/SDKs/java/src/test/src/test/docs/SignTest1.pdf&gt;" type="junit.framework.AssertionFailedError">junit.framework.AssertionFailedError: expected:&lt;null&gt; but was:&lt;java.nio.file.NoSuchFileException: /private/tmp/SDKs/java/src/test/src/test/docs/SignTest1.pdf&gt;
	at SdkUnitTests.DownLoadEnvelopeDocumentsTest(SdkUnitTests.java:550)
</failure>
  </testcase>
  <testcase classname="SdkUnitTests" name="ListDocumentsTest" time="0.109">
    <failure message="expected:&lt;null&gt; but was:&lt;com.docusign.esign.client.ApiException: {&#xd;&#xa;  &quot;errorCode&quot;: &quot;PARTNER_AUTHENTICATION_FAILED&quot;,&#xd;&#xa;  &quot;message&quot;: &quot;The specified Integrator Key was not found or is disabled.&quot;&#xd;&#xa;}&gt;" type="junit.framework.AssertionFailedError">junit.framework.AssertionFailedError: expected:&lt;null&gt; but was:&lt;com.docusign.esign.client.ApiException: {
  &quot;errorCode&quot;: &quot;PARTNER_AUTHENTICATION_FAILED&quot;,
  &quot;message&quot;: &quot;The specified Integrator Key was not found or is disabled.&quot;
}&gt;
	at SdkUnitTests.ListDocumentsTest(SdkUnitTests.java:701)
</failure>
  </testcase>
  <testcase classname="SdkUnitTests" name="GetDiagnosticLogsTest" time="0.0">
    <failure message="expected:&lt;null&gt; but was:&lt;java.nio.file.NoSuchFileException: /private/tmp/SDKs/java/src/test/src/test/docs/SignTest1.pdf&gt;" type="junit.framework.AssertionFailedError">junit.framework.AssertionFailedError: expected:&lt;null&gt; but was:&lt;java.nio.file.NoSuchFileException: /private/tmp/SDKs/java/src/test/src/test/docs/SignTest1.pdf&gt;
	at SdkUnitTests.GetDiagnosticLogsTest(SdkUnitTests.java:721)
</failure>
  </testcase>
  <testcase classname="SdkUnitTests" name="RequestASignatureTest" time="0.0">
    <failure message="expected:&lt;null&gt; but was:&lt;java.nio.file.NoSuchFileException: /private/tmp/SDKs/java/src/test/src/test/docs/SignTest1.pdf&gt;" type="junit.framework.AssertionFailedError">junit.framework.AssertionFailedError: expected:&lt;null&gt; but was:&lt;java.nio.file.NoSuchFileException: /private/tmp/SDKs/java/src/test/src/test/docs/SignTest1.pdf&gt;
	at SdkUnitTests.RequestASignatureTest(SdkUnitTests.java:131)
</failure>
  </testcase>
  <system-out><![CDATA[Exception: com.docusign.esign.client.ApiException: {
  "errorCode": "PARTNER_AUTHENTICATION_FAILED",
  "message": "The specified Integrator Key was not found or is disabled."
}
Exception: com.docusign.esign.client.ApiException: {
  "errorCode": "PARTNER_AUTHENTICATION_FAILED",
  "message": "The specified Integrator Key was not found or is disabled."
}
Exception: com.docusign.esign.client.ApiException: {
  "errorCode": "PARTNER_AUTHENTICATION_FAILED",
  "message": "The specified Integrator Key was not found or is disabled."
}
]]></system-out>
  <system-err><![CDATA[]]></system-err>
</testsuite>
