<?xml version="1.0" encoding="UTF-8" ?>
<testsuite tests="8" failures="0" name="SdkUnitTests" time="11.344" errors="0" skipped="0">
  <properties>
[...]
</properties>
  <testcase classname="SdkUnitTests" name="EmbeddedSigningTest" time="3.261"/>
  <testcase classname="SdkUnitTests" name="CreateTemplateTest" time="0.826"/>
  <testcase classname="SdkUnitTests" name="RequestSignatureFromTemplate" time="1.606"/>
  <testcase classname="SdkUnitTests" name="ListDocumentsTest" time="0.306"/>
  <testcase classname="SdkUnitTests" name="RequestASignatureTest" time="1.464"/>
  <testcase classname="SdkUnitTests" name="LoginTest" time="0.152"/>
  <testcase classname="SdkUnitTests" name="DownLoadEnvelopeDocumentsTest" time="1.866"/>
  <testcase classname="SdkUnitTests" name="GetDiagnosticLogsTest" time="1.863"/>
</testsuite>