<?xml version="1.0" encoding="UTF-8" ?>
<testsuite failures="0" time="55.834" errors="0" skipped="0" tests="11" name="SdkUnitTests">
  <properties>
[...]
</properties>
  <testcase time="6.873" classname="SdkUnitTests" name="GetDiagnosticLogsTest"/>
  <testcase time="5.922" classname="SdkUnitTests" name="RequestSignatureFromTemplate"/>
  <testcase time="6.94" classname="SdkUnitTests" name="ResendEnvelopeTest"/>
  <testcase time="6.202" classname="SdkUnitTests" name="EmbeddedSigningTest"/>
  <testcase time="1.683" classname="SdkUnitTests" name="AuthorizationCodeLoginTest"/>
  <testcase time="5.557" classname="SdkUnitTests" name="CreateTemplateTest"/>
  <testcase time="5.951" classname="SdkUnitTests" name="RequestASignatureTest"/>
  <testcase time="4.7" classname="SdkUnitTests" name="ListDocumentsTest"/>
  <testcase time="3.857" classname="SdkUnitTests" name="JWTLoginTest"/>
  <testcase time="1.636" classname="SdkUnitTests" name="ImplicitLoginTest"/>
  <testcase time="6.513" classname="SdkUnitTests" name="DownLoadEnvelopeDocumentsTest"/>
</testsuite>